C51 COMPILER V8.02   PLATFORM                                                              09/08/2014 20:29:04 PAGE 1   


C51 COMPILER V8.02, COMPILATION OF MODULE PLATFORM
OBJECT MODULE PLACED IN .\BIN\PLATFORM.obj
COMPILER INVOKED BY: C:\Keil3\C51\BIN\C51.EXE PLATFORM\PLATFORM.c BROWSE INCDIR(.\A7139;.\MISC;.\PLATFORM) DEBUG OBJECTE
                    -XTEND PRINT(.\LIST\PLATFORM.lst) OBJECT(.\BIN\PLATFORM.obj)

line level    source

   1          #include "PLATFORM.h"
   2          /****XTAL @11.0592MHz****/
   3          void Delay10ms(Uint8 n)
   4          {
   5   1          Uint8 i, j;
   6   1          while(n--)
   7   1          {
   8   2              for(i=0; i<100; i++)
   9   2                  for(j=0; j<245; j++);
  10   2          }
  11   1      }
  12          /****XTAL @11.0592MHz****/
  13          void Delay10us(Uint8 n)
  14          {
  15   1          Uint8 i;
  16   1              
  17   1              while(n--)
  18   1              {
  19   2              for(i=0; i<12; i++);
  20   2              }
  21   1      }
  22          
  23          void SPIx_WriteByte(Uint8 dat)
  24          {
  25   1          Uint8 i;
  26   1          for(i=0; i<8; i++)
  27   1          {
  28   2              if(dat & 0x80)
  29   2                  SDIO = 1;
  30   2              else
  31   2                  SDIO = 0;
  32   2                      _nop_();
  33   2              SCK=1;
  34   2              _nop_();
  35   2              SCK=0;
  36   2              dat<<=1;
  37   2          }
  38   1      }
  39          
  40          void SPIx_WriteWord(Uint16 word)
  41          {
  42   1          Uint8 i;
  43   1          for(i=0; i<16; i++)
  44   1          {
  45   2              if(word & 0x8000)
  46   2                  SDIO = 1;
  47   2              else
  48   2                  SDIO = 0;
  49   2              SCK=1;
  50   2              _nop_();
  51   2              SCK=0;
  52   2              word<<=1;
  53   2          }
  54   1      }
C51 COMPILER V8.02   PLATFORM                                                              09/08/2014 20:29:04 PAGE 2   

  55          
  56          Uint8 SPIx_ReadByte(void)
  57          {
  58   1              Uint8 i,tmp;
  59   1          SDIO=1;             //SDIO pull high
  60   1          for(i=0; i<8; i++)
  61   1          {
  62   2              if(SDIO)
  63   2                  tmp = (tmp << 1) | 0x01;
  64   2              else
  65   2                  tmp = tmp << 1;
  66   2              SCK=1;
  67   2              _nop_();
  68   2              SCK=0;
  69   2          }
  70   1          return tmp;
  71   1      }
  72          
  73          Uint16 SPIx_ReadWord(void)
  74          {
  75   1              Uint16 i,tmp;
  76   1          SDIO=1;             //SDIO pull high
  77   1          for(i=0; i<16; i++)
  78   1          {
  79   2              if(SDIO)
  80   2                  tmp = (tmp << 1) | 0x01;
  81   2              else
  82   2                  tmp = tmp << 1;
  83   2              SCK=1;
  84   2              _nop_();
  85   2              SCK=0;
  86   2          }
  87   1          return tmp;
  88   1      }


MODULE INFORMATION:   STATIC OVERLAYABLE
   CODE SIZE        =    170    ----
   CONSTANT SIZE    =   ----    ----
   XDATA SIZE       =   ----    ----
   PDATA SIZE       =   ----    ----
   DATA SIZE        =   ----    ----
   IDATA SIZE       =   ----    ----
   BIT SIZE         =   ----    ----
END OF MODULE INFORMATION.


C51 COMPILATION COMPLETE.  0 WARNING(S),  0 ERROR(S)
